<?xml version="1.0" encoding="UTF-8"?>
<testng-results skipped="0" failed="1" total="3" passed="2">
  <reporter-output>
  </reporter-output>
  <suite name="FREE CRM Application Test Automation Test Suite" duration-ms="15708" started-at="2018-11-19T08:31:27Z" finished-at="2018-11-19T08:31:43Z">
    <groups>
    </groups>
    <test name="Free CRM App Test Cases" duration-ms="15708" started-at="2018-11-19T08:31:27Z" finished-at="2018-11-19T08:31:43Z">
      <class name="com.qa.PageTests.HomePageTest">
        <test-method status="PASS" signature="setUp()[pri:0, instance:com.qa.PageTests.HomePageTest@523884b2]" name="setUp" is-config="true" duration-ms="4701" started-at="2018-11-19T14:01:38Z" finished-at="2018-11-19T14:01:42Z">
          <reporter-output>
          </reporter-output>
        </test-method> <!-- setUp -->
        <test-method status="FAIL" signature="verifyHomePageTitleTest()[pri:1, instance:com.qa.PageTests.HomePageTest@523884b2]" name="verifyHomePageTitleTest" duration-ms="48" started-at="2018-11-19T14:01:42Z" finished-at="2018-11-19T14:01:42Z">
          <exception class="java.lang.AssertionError">
            <message>
              <![CDATA[Home page title not matched expected [CRMPRO] but found [#1 Free CRM software in the cloud for sales and service]]]>
            </message>
            <full-stacktrace>
              <![CDATA[java.lang.AssertionError: Home page title not matched expected [CRMPRO] but found [#1 Free CRM software in the cloud for sales and service]
	at org.testng.Assert.fail(Assert.java:94)
	at org.testng.Assert.failNotEquals(Assert.java:513)
	at org.testng.Assert.assertEqualsImpl(Assert.java:135)
	at org.testng.Assert.assertEquals(Assert.java:116)
	at org.testng.Assert.assertEquals(Assert.java:190)
	at com.qa.PageTests.HomePageTest.verifyHomePageTitleTest(HomePageTest.java:63)
	at sun.reflect.NativeMethodAccessorImpl.invoke0(Native Method)
	at sun.reflect.NativeMethodAccessorImpl.invoke(NativeMethodAccessorImpl.java:62)
	at sun.reflect.DelegatingMethodAccessorImpl.invoke(DelegatingMethodAccessorImpl.java:43)
	at java.lang.reflect.Method.invoke(Method.java:498)
	at org.testng.internal.MethodInvocationHelper.invokeMethod(MethodInvocationHelper.java:86)
	at org.testng.internal.Invoker.invokeMethod(Invoker.java:643)
	at org.testng.internal.Invoker.invokeTestMethod(Invoker.java:820)
	at org.testng.internal.Invoker.invokeTestMethods(Invoker.java:1128)
	at org.testng.internal.TestMethodWorker.invokeTestMethods(TestMethodWorker.java:129)
	at org.testng.internal.TestMethodWorker.run(TestMethodWorker.java:112)
	at org.testng.TestRunner.privateRun(TestRunner.java:782)
	at org.testng.TestRunner.run(TestRunner.java:632)
	at org.testng.SuiteRunner.runTest(SuiteRunner.java:366)
	at org.testng.SuiteRunner.runSequentially(SuiteRunner.java:361)
	at org.testng.SuiteRunner.privateRun(SuiteRunner.java:319)
	at org.testng.SuiteRunner.run(SuiteRunner.java:268)
	at org.testng.SuiteRunnerWorker.runSuite(SuiteRunnerWorker.java:52)
	at org.testng.SuiteRunnerWorker.run(SuiteRunnerWorker.java:86)
	at org.testng.TestNG.runSuitesSequentially(TestNG.java:1244)
	at org.testng.TestNG.runSuitesLocally(TestNG.java:1169)
	at org.testng.TestNG.run(TestNG.java:1064)
	at org.testng.remote.AbstractRemoteTestNG.run(AbstractRemoteTestNG.java:114)
	at org.testng.remote.RemoteTestNG.initAndRun(RemoteTestNG.java:251)
	at org.testng.remote.RemoteTestNG.main(RemoteTestNG.java:77)
]]>
            </full-stacktrace>
          </exception> <!-- java.lang.AssertionError -->
          <reporter-output>
          </reporter-output>
        </test-method> <!-- verifyHomePageTitleTest -->
        <test-method status="PASS" signature="tearDown()[pri:0, instance:com.qa.PageTests.HomePageTest@523884b2]" name="tearDown" is-config="true" duration-ms="82" started-at="2018-11-19T14:01:42Z" finished-at="2018-11-19T14:01:43Z">
          <reporter-output>
          </reporter-output>
        </test-method> <!-- tearDown -->
      </class> <!-- com.qa.PageTests.HomePageTest -->
      <class name="com.qa.PageTests.LoginPageTest">
        <test-method status="PASS" signature="setup()[pri:0, instance:com.qa.PageTests.LoginPageTest@4501b7af]" name="setup" is-config="true" duration-ms="5724" started-at="2018-11-19T14:01:27Z" finished-at="2018-11-19T14:01:33Z">
          <reporter-output>
          </reporter-output>
        </test-method> <!-- setup -->
        <test-method status="PASS" signature="loginPageTitleTest()[pri:1, instance:com.qa.PageTests.LoginPageTest@4501b7af]" name="loginPageTitleTest" duration-ms="16" started-at="2018-11-19T14:01:33Z" finished-at="2018-11-19T14:01:33Z">
          <reporter-output>
          </reporter-output>
        </test-method> <!-- loginPageTitleTest -->
        <test-method status="PASS" signature="teardown()[pri:0, instance:com.qa.PageTests.LoginPageTest@4501b7af]" name="teardown" is-config="true" duration-ms="136" started-at="2018-11-19T14:01:33Z" finished-at="2018-11-19T14:01:33Z">
          <reporter-output>
          </reporter-output>
        </test-method> <!-- teardown -->
        <test-method status="PASS" signature="setup()[pri:0, instance:com.qa.PageTests.LoginPageTest@4501b7af]" name="setup" is-config="true" duration-ms="4801" started-at="2018-11-19T14:01:33Z" finished-at="2018-11-19T14:01:38Z">
          <reporter-output>
          </reporter-output>
        </test-method> <!-- setup -->
        <test-method status="PASS" signature="crmLogoImageTest()[pri:2, instance:com.qa.PageTests.LoginPageTest@4501b7af]" name="crmLogoImageTest" duration-ms="98" started-at="2018-11-19T14:01:38Z" finished-at="2018-11-19T14:01:38Z">
          <reporter-output>
          </reporter-output>
        </test-method> <!-- crmLogoImageTest -->
        <test-method status="PASS" signature="teardown()[pri:0, instance:com.qa.PageTests.LoginPageTest@4501b7af]" name="teardown" is-config="true" duration-ms="84" started-at="2018-11-19T14:01:38Z" finished-at="2018-11-19T14:01:38Z">
          <reporter-output>
          </reporter-output>
        </test-method> <!-- teardown -->
      </class> <!-- com.qa.PageTests.LoginPageTest -->
    </test> <!-- Free CRM App Test Cases -->
  </suite> <!-- FREE CRM Application Test Automation Test Suite -->
</testng-results>
